[info][8080] 2023-03-22 11:43:53 : {"route":"/chat","username":"NẢN","message":"Alo"}
[info][8080] 2023-03-22 11:47:20 : {"route":"/chat","username":"BỜ A BA SẮC ","message":"hi all"}
[info][8080] 2023-03-22 11:47:45 : {"route":"/chat","username":"LITA","message":"aloalioa"}
[info][8080] 2023-03-22 11:47:58 : {"route":"/chat","username":"BỜ A BA SẮC ","message":"chào Nadia "}
[info][8080] 2023-03-22 11:48:06 : {"route":"/chat","username":"BỜ A BA SẮC ","message":"em đổi link đc ko "}
[info][8080] 2023-03-22 11:48:12 : {"route":"/chat","username":"LITA","message":"link giè"}
[info][8080] 2023-03-22 11:48:33 : {"route":"/chat","username":"LITA","message":"ko lẽ tối vể nghiên cứu viết app chat"}
[info][8080] 2023-03-22 11:48:39 : {"route":"/chat","username":"LITA","message":"chứ app này nhìn xấu quá"}
[info][8080] 2023-03-22 11:48:45 : {"route":"/chat","username":"LITA","message":"<3"}
[info][8080] 2023-03-22 11:48:47 : {"route":"/chat","username":"NẢN","message":":)))"}
[info][8080] 2023-03-22 11:48:53 : {"route":"/chat","username":"LITA","message":"ko có icon thả tym"}
[info][8080] 2023-03-22 11:48:54 : {"route":"/chat","username":"NẢN","message":"/slack cái đi"}
[info][8080] 2023-03-22 11:49:10 : {"route":"/chat","username":"NẢN","message":"http://192.168.1.182:8080/slack.html"}
[info][8080] 2023-03-22 11:49:15 : {"route":"/chat","username":"NẢN","message":"thử đi mấy thím"}
[info][8080] 2023-03-22 11:49:23 : {"route":"/chat","username":"NẢN","message":"e đang từ từ update "}
[info][8080] 2023-03-22 11:49:59 : {"route":"/chat","username":"BỜ A BA SẮC ","message":"chat ko đc "}
[info][8080] 2023-03-22 11:50:06 : {"route":"/chat","username":"NẢN","message":"thì template thôi"}
[info][8080] 2023-03-22 11:50:10 : {"route":"/chat","username":"NẢN","message":"chưa lên mà kaka"}
[info][8080] 2023-03-22 11:50:24 : {"route":"/chat","username":"BỜ A BA SẮC ","message":"mới bản demo hả "}
[info][8080] 2023-03-22 11:50:31 : {"route":"/chat","username":"BỜ A BA SẮC ","message":"ủa Fây đâu rồi"}
[info][8080] 2023-03-22 11:50:33 : {"route":"/chat","username":"NẢN","message":"demo template à"}
[info][8080] 2023-03-22 11:51:21 : {"route":"/chat","username":"MỸ HẦU VƯƠNG","message":"alo"}
[info][8080] 2023-03-22 11:51:31 : {"route":"/chat","username":"MỸ HẦU VƯƠNG","message":"nhắn tới đâu r mn"}
[info][8080] 2023-03-22 11:51:36 : {"route":"/chat","username":"BỜ A BA SẮC ","message":"nhắn gì ai biết"}
[info][8080] 2023-03-22 11:51:40 : {"route":"/chat","username":"BỜ A BA SẮC ","message":"từ A đến Á"}
[info][8080] 2023-03-22 11:52:04 : {"route":"/chat","username":"BỜ A BA SẮC ","message":"Fây có trong này ko em "}
[info][8080] 2023-03-22 11:52:43 : {"route":"/chat","username":"MỸ HẦU VƯƠNG","message":"ba sắc là bá hả a"}
[info][8080] 2023-03-22 11:52:59 : {"route":"/chat","username":"MỸ HẦU VƯƠNG","message":"phải là bờ at bat sắc chứ"}
[info][8080] 2023-03-22 11:54:51 : {"route":"/chat","username":"MỸ HẦU VƯƠNG","message":"nhạc loz"}
[info][8080] 2023-03-22 11:55:07 : {"route":"/chat","username":"MỸ HẦU VƯƠNG","message":"má"}
[info][8080] 2023-03-22 11:55:09 : {"route":"/chat","username":"MỸ HẦU VƯƠNG","message":"anh then"}
[info][8080] 2023-03-22 11:55:17 : {"route":"/chat","username":"MỸ HẦU VƯƠNG","message":"sáng chọc ghẹo hơi bực"}
[info][8080] 2023-03-22 11:55:21 : {"route":"/chat","username":"MỸ HẦU VƯƠNG","message":"tí qua đập lun"}
[info][8080] 2023-03-22 11:55:36 : {"route":"/chat","username":"BỜ A BA SẮC ","message":"lấy vật gì nhọn nhọn "}
[info][8080] 2023-03-22 11:55:41 : {"route":"/chat","username":"NÁ","message":"Test"}
[info][8080] 2023-03-22 11:55:49 : {"route":"/chat","username":"BỜ A BA SẮC ","message":"đập sao ngoẻo luôn"}
[info][8080] 2023-03-22 11:59:14 : {"route":"/chat","username":"MỸ HẦU VƯƠNG","message":"mẹ cứ hỏi gài gài"}
[info][8080] 2023-03-22 11:59:44 : {"route":"/chat","username":"MỸ HẦU VƯƠNG","message":"lyp cũng phải test nạp tiền thôi"}
[info][8080] 2023-03-22 12:00:30 : {"route":"/chat","username":"ÁDASD","message":"aa"}
[info][8080] 2023-03-22 12:01:19 : {"route":"/chat","username":"MỸ HẦU VƯƠNG","message":"mé"}
[info][8080] 2023-03-22 12:01:32 : {"route":"/chat","username":"MỸ HẦU VƯƠNG","message":"giờ test daily cũng bỏ vô làm chó gì ta"}
[info][8080] 2023-03-22 12:01:43 : {"route":"/chat","username":"MỸ HẦU VƯƠNG","message":"mấy cái acc đó có ý nghĩa gì đâu"}
[info][8080] 2023-03-22 12:01:46 : {"route":"/chat","username":"NÁ","message":"ádasd"}
[info][8080] 2023-03-22 12:01:55 : {"route":"/chat","username":"ẤDASD","message":"qưeqweqwe"}
[info][8080] 2023-03-22 12:03:13 : {"route":"/chat_rieng","username":"ÁD","message":"ádasd"}
[info][8080] 2023-03-22 12:03:19 : {"route":"/chat","username":"ÁDADS","message":"aqweqwe"}
[info][8080] 2023-03-22 14:28:41 : {"route":"/chat_rieng","username":"BỜ ÁT","message":"alo anh em "}
[info][8080] 2023-03-22 14:29:53 : {"route":"/chat_rieng","username":"LITA","message":"111"}
[info][8080] 2023-03-22 14:30:13 : {"route":"/chat_rieng","username":"BỜ ÁT","message":"thèn Kev zô chưa"}
[info][8080] 2023-03-22 14:30:30 : {"route":"/chat_rieng","username":"BỜ ÁT","message":"Na thấy ko em "}
[info][8080] 2023-03-22 14:30:32 : {"route":"/chat_rieng","username":"WUKONG","message":"wukong vô r nha"}
[info][8080] 2023-03-22 14:30:55 : {"route":"/chat_rieng","username":"BỜ ÁT","message":"group này chỉ chat được khi Na ngồi ở đây "}
[info][8080] 2023-03-22 14:31:02 : {"route":"/chat_rieng","username":"BỜ ÁT","message":"na về nhà là ko chat đc =))"}
[info][8080] 2023-03-22 14:35:17 : {"route":"/chat_rieng","username":"WUKONG","message":"ủa vậy luôn hả"}
[info][8080] 2023-03-22 14:35:25 : {"route":"/chat_rieng","username":"WUKONG","message":"sao v a bát giới"}
[info][8080] 2023-03-22 14:39:19 : {"route":"/chat_rieng","username":"BỜ ÁT","message":"bát nha "}
[info][8080] 2023-03-22 14:39:26 : {"route":"/chat_rieng","username":"BỜ ÁT","message":"bát giới là thằng nào á "}
[info][8080] 2023-03-22 14:40:35 : {"route":"/chat_rieng","username":"NÁ","message":"gì thế?"}
[info][8080] 2023-03-22 14:41:15 : {"route":"/chat_rieng","username":"NÁ","message":"Nghe đây cá thím"}
[info][8080] 2023-03-22 14:41:24 : {"route":"/chat_rieng","username":"NÁ","message":"*các"}
[info][8080] 2023-03-22 14:42:06 : {"route":"/chat_rieng","username":"NÁ","message":"Moá bữa bắt làm file domain xong h đi hỏi lại"}
[info][8080] 2023-03-22 14:42:14 : {"route":"/chat_rieng","username":"NÁ","message":"Bê Ô vãi lờ"}
[info][8080] 2023-03-22 14:42:52 : {"route":"/chat_rieng","username":"BỜ ÁT","message":"bê ô mà "}
[info][8080] 2023-03-22 14:42:58 : {"route":"/chat_rieng","username":"BỜ ÁT","message":"hành anh em thôi "}
[info][8080] 2023-03-22 14:43:03 : {"route":"/chat_rieng","username":"BỜ ÁT","message":"chứ có nhớ mẹ gì đâu "}
[info][8080] 2023-03-22 14:43:12 : {"route":"/chat_rieng","username":"BỜ ÁT","message":"nghỉ tay qua đây chat đi anh em "}
[info][8080] 2023-03-22 14:43:15 : {"route":"/chat_rieng","username":"BỜ ÁT","message":"ng ta vô vệ sinh "}
[info][8080] 2023-03-22 14:43:18 : {"route":"/chat_rieng","username":"NÁ","message":":)))"}
[info][8080] 2023-03-22 14:43:38 : {"route":"/chat_rieng","username":"BỜ ÁT","message":"Nếu thích Thái "}
[info][8080] 2023-03-22 14:43:43 : {"route":"/chat_rieng","username":"BỜ ÁT","message":"thì S3 thôi Na"}
[info][8080] 2023-03-22 14:43:44 : {"route":"/chat_rieng","username":"NÁ","message":"Đờ mờ mốt e phắn xem ông Thiên quản lý app sao"}
[info][8080] 2023-03-22 14:43:55 : {"route":"/chat_rieng","username":"NÁ","message":"thôi ko S3 đâu "}
[info][8080] 2023-03-22 14:43:57 : {"route":"/chat_rieng","username":"BỜ ÁT","message":"nó quản lý méo nổi đâu "}
[info][8080] 2023-03-22 14:44:07 : {"route":"/chat_rieng","username":"BỜ ÁT","message":"khỏi trông chờ "}
[info][8080] 2023-03-22 14:44:13 : {"route":"/chat_rieng","username":"NÁ","message":"múa quá múa"}
[info][8080] 2023-03-22 14:44:17 : {"route":"/chat_rieng","username":"WUKONG","message":"sắp sửa bung nóc r"}
[info][8080] 2023-03-22 14:44:19 : {"route":"/chat_rieng","username":"NÁ","message":"sáng mứa QC h múa tới e"}
[info][8080] 2023-03-22 14:44:24 : {"route":"/chat_rieng","username":"NÁ","message":"e kêu để anh Will vô nghe"}
[info][8080] 2023-03-22 14:44:30 : {"route":"/chat_rieng","username":"NÁ","message":"chứ nghe mình mệt đít"}
[info][8080] 2023-03-22 14:44:40 : {"route":"/chat_rieng","username":"BỜ ÁT","message":"kêu 2 ae dev vô họp hay gì ?"}
[info][8080] 2023-03-22 14:45:14 : {"route":"/chat_rieng","username":"NÁ","message":"kêu bàn về việc chống DDOS"}
[info][8080] 2023-03-22 14:45:19 : {"route":"/chat_rieng","username":"NÁ","message":"nói hay vl"}
[info][8080] 2023-03-22 14:45:23 : {"route":"/chat_rieng","username":"BỜ ÁT","message":"=))"}
[info][8080] 2023-03-22 14:45:29 : {"route":"/chat_rieng","username":"NÁ","message":"sao lúc nắm SIN méo làm"}
[info][8080] 2023-03-22 14:45:34 : {"route":"/chat_rieng","username":"BỜ ÁT","message":"chống DDOS sao mà con SIn nó rớt "}
[info][8080] 2023-03-22 14:45:45 : {"route":"/chat_rieng","username":"BỜ ÁT","message":"Sin có chống đó em "}
[info][8080] 2023-03-22 14:45:55 : {"route":"/chat_rieng","username":"BỜ ÁT","message":"chống qq gì mà SIn nó rớt liên tục "}
[info][8080] 2023-03-22 14:45:57 : {"route":"/chat_rieng","username":"NÁ","message":"Bữa h e kêu bật rồi"}
[info][8080] 2023-03-22 14:46:07 : {"route":"/chat_rieng","username":"NÁ","message":"từ t7 tới h có bị nữa đâu"}
[info][8080] 2023-03-22 14:47:38 : {"route":"/chat_rieng","username":"BỜ ÁT","message":"hôm qua hình như con P chết 1 laafnn "}
[info][8080] 2023-03-22 14:48:04 : {"route":"/chat_rieng","username":"WUKONG","message":"từ khi thím thờ en qua DB bớt yên ổn hẳn"}
[info][8080] 2023-03-22 14:53:00 : {"route":"/chat_rieng","username":"NÁ","message":":)))"}
[info][8080] 2023-03-22 14:53:13 : {"route":"/chat_rieng","username":"NÁ","message":"thấy DUbai chết tháy lạ lạ nha"}
[info][8080] 2023-03-22 14:53:50 : {"route":"/chat_rieng","username":"WUKONG","message":"má thề"}
[info][8080] 2023-03-22 14:54:01 : {"route":"/chat_rieng","username":"WUKONG","message":"lâu lắm rồi mới thấy DB bị dính keo 502"}
[info][8080] 2023-03-22 14:57:29 : {"route":"/chat_rieng","username":"BỜ ÁT","message":"lúc trước anh Will làm, lâu lắm mới thấy chết 1 lần "}
[info][8080] 2023-03-22 14:57:40 : {"route":"/chat_rieng","username":"BỜ ÁT","message":"giờ là tuần chết 2-3 lần "}
[info][8080] 2023-03-22 15:14:57 : {"route":"/chat_rieng","username":"NÁ","message":":)))"}
[info][8080] 2023-03-22 15:17:47 : {"route":"/chat","username":"NADIA","message":"Hello"}
[info][8080] 2023-03-22 15:17:57 : {"route":"/chat","username":"ABC","message":"hello"}
[info][8080] 2023-03-22 15:18:10 : {"route":"/chat","username":"ABC","message":"bao lâu nó xóa em ?"}
[info][8080] 2023-03-22 15:18:58 : {"route":"/chat","username":"NADIA","message":"a tắt nó xoá luôn :))"}
[info][8080] 2023-03-22 15:19:07 : {"route":"/chat","username":"NADIA","message":"e đâu lưu data đâu a"}
[info][8080] 2023-03-22 15:20:04 : {"route":"/chat","username":"ABC","message":"à, anh tưởng sau khoảng thời gian nó tự xóa"}
[info][8080] 2023-03-22 15:20:11 : {"route":"/chat","username":"ABC","message":"vậy là in memory"}
[info][8080] 2023-03-22 15:25:57 : {"route":"/chat","username":"NADIA","message":"Dạ anh :)) mà lưu chi anh chat chơi thôi mà"}
[info][8080] 2023-03-22 15:26:08 : {"route":"/chat_rieng","username":"NÁ","message":"Alo"}
[info][8080] 2023-03-22 15:40:29 : {"route":"/chat","username":"ABC","message":"cái này có chat group không hay 1-1 hả em"}
[info][8080] 2023-03-22 15:49:46 : {"route":"/chat_rieng","username":"WUKONG","message":"thím nào mới vào v"}
[info][8080] 2023-03-22 15:53:36 : {"route":"/chat_rieng","username":"BỜ ÁT","message":"alo "}
[info][8080] 2023-03-22 15:53:44 : {"route":"/chat_rieng","username":"BỜ ÁT","message":"chat đi ae "}
[info][8080] 2023-03-22 15:53:47 : {"route":"/chat_rieng","username":"BỜ ÁT","message":"sôi động lên "}
[info][8080] 2023-03-22 15:53:52 : {"route":"/chat_rieng","username":"BỜ ÁT","message":"gì mà lèo tèo "}
[info][8080] 2023-03-22 15:54:52 : {"route":"/chat_rieng","username":"BỜ ÁT","message":"ủng hộ chủ shop nào "}
[info][8080] 2023-03-22 15:54:59 : {"route":"/chat_rieng","username":"BỜ ÁT","message":"chủ shop update tình hình đi chủ shop "}
[info][8080] 2023-03-22 15:55:12 : {"route":"/chat_rieng","username":"BỜ ÁT","message":"khi nào bên kia trả lời cho chủ shop"}
[info][8080] 2023-03-22 16:38:17 : {"route":"/chat_rieng","username":"WUKONG","message":"bên kia là bên nào vậy ad bát zới"}
[info][8080] 2023-03-22 17:25:04 : {"route":"/chat_rieng","username":"BỜ ÁT","message":"bên thế giới bên kia đó Tề Công Công"}
[info][8080] 2023-03-22 17:47:54 : {"route":"/chat","username":"NADIA","message":"Dạ ai vô link là chat luôn anh"}
[info][8080] 2023-03-22 17:48:27 : {"route":"/chat_rieng","username":"NÁ","message":":)) OK nha thím"}
[info][8080] 2023-03-22 17:53:16 : {"route":"/chat_rieng","username":"BỜ ÁT","message":"kêu chat nãy h"}
[info][8080] 2023-03-22 17:53:19 : {"route":"/chat_rieng","username":"BỜ ÁT","message":"ko ai chat "}
[info][8080] 2023-03-22 17:53:22 : {"route":"/chat","username":"ABC","message":"HI"}
